[30.12.2021 15:09] Чат запущен!
[30.12.2021 15:10] Введите ваше имя/nickname 
[30.12.2021 15:10] Новый участник вошел в чат
[30.12.2021 15:10] В чате 1 человек
[30.12.2021 15:10] Привет Anna
[30.12.2021 15:10] Anna: Всем привет!С Наступающим!
[30.12.2021 15:10] Новый участник вошел в чат
[30.12.2021 15:10] В чате 2 человек
[30.12.2021 15:10] Введите ваше имя/nickname 
[30.12.2021 15:10] Новый участник вошел в чат
[30.12.2021 15:10] В чате 2 человек
[30.12.2021 15:10] Привет Olga
[30.12.2021 15:10] Olga: hi
[30.12.2021 15:10] Olga: hi
[30.12.2021 15:10] Olga: Привет Ольга!Как настроение? 
[30.12.2021 15:10] Olga: Привет Ольга!Как настроение? 
[30.12.2021 15:11] Olga: Отлично! Как твое?
[30.12.2021 15:11] Olga: Отлично! Как твое?
[30.12.2021 15:11] Olga: Упс.Мне пора идти.
[30.12.2021 15:11] Olga: Упс.Мне пора идти.
[30.12.2021 15:11] Клиентов в чате 1
